c:\users\komo97\source\repos\cdmimageeditor\cdmimageeditor\debug\vc141.pdb
c:\users\komo97\source\repos\cdmimageeditor\cdmimageeditor\debug\vc141.idb
c:\users\komo97\source\repos\cdmimageeditor\cdmimageeditor\debug\cdmwindow.obj
c:\users\komo97\source\repos\cdmimageeditor\cdmimageeditor\debug\main.obj
c:\users\komo97\source\repos\cdmimageeditor\cdmimageeditor\debug\cdmtextinput.obj
c:\users\komo97\source\repos\cdmimageeditor\cdmimageeditor\debug\cdmmenuwindow.obj
c:\users\komo97\source\repos\cdmimageeditor\cdmimageeditor\debug\cdmtextwindow.obj
c:\users\komo97\source\repos\cdmimageeditor\cdmimageeditor\debug\cdmtextinputwindow.obj
c:\users\komo97\source\repos\cdmimageeditor\cdmimageeditor\debug\cdmmouseinputwindow.obj
c:\users\komo97\source\repos\cdmimageeditor\debug\cdmimageeditor.pdb
c:\users\komo97\source\repos\cdmimageeditor\cdmimageeditor\debug\cdmimageeditor.tlog\cl.command.1.tlog
c:\users\komo97\source\repos\cdmimageeditor\cdmimageeditor\debug\cdmimageeditor.tlog\cl.read.1.tlog
c:\users\komo97\source\repos\cdmimageeditor\cdmimageeditor\debug\cdmimageeditor.tlog\cl.write.1.tlog
c:\users\komo97\source\repos\cdmimageeditor\cdmimageeditor\debug\cdmimageeditor.tlog\link-cvtres.read.1.tlog
c:\users\komo97\source\repos\cdmimageeditor\cdmimageeditor\debug\cdmimageeditor.tlog\link-cvtres.write.1.tlog
c:\users\komo97\source\repos\cdmimageeditor\cdmimageeditor\debug\cdmimageeditor.tlog\link-rc.read.1.tlog
c:\users\komo97\source\repos\cdmimageeditor\cdmimageeditor\debug\cdmimageeditor.tlog\link-rc.write.1.tlog
c:\users\komo97\source\repos\cdmimageeditor\cdmimageeditor\debug\cdmimageeditor.tlog\link.6196-cvtres.read.1.tlog
c:\users\komo97\source\repos\cdmimageeditor\cdmimageeditor\debug\cdmimageeditor.tlog\link.6196-cvtres.write.1.tlog
c:\users\komo97\source\repos\cdmimageeditor\cdmimageeditor\debug\cdmimageeditor.tlog\link.6196-rc.read.1.tlog
c:\users\komo97\source\repos\cdmimageeditor\cdmimageeditor\debug\cdmimageeditor.tlog\link.6196-rc.write.1.tlog
c:\users\komo97\source\repos\cdmimageeditor\cdmimageeditor\debug\cdmimageeditor.tlog\link.6196.read.1.tlog
c:\users\komo97\source\repos\cdmimageeditor\cdmimageeditor\debug\cdmimageeditor.tlog\link.6196.write.1.tlog
c:\users\komo97\source\repos\cdmimageeditor\cdmimageeditor\debug\cdmimageeditor.tlog\link.command.1.tlog
c:\users\komo97\source\repos\cdmimageeditor\cdmimageeditor\debug\cdmimageeditor.tlog\link.read.1.tlog
c:\users\komo97\source\repos\cdmimageeditor\cdmimageeditor\debug\cdmimageeditor.tlog\link.write.1.tlog
